<?xml version="1.0" encoding="UTF-8"?>
<!-- Generated by org.testng.reporters.JUnitReportReporter -->
<testsuite skipped="0" hostname="Alis-MBP" name="CaptureScreenShot.FacebookScreenShot" tests="1" failures="0" timestamp="06 Jan 2019 06:56:50 GMT" time="4.438" errors="0">
  <testcase name="captureScreenShot" time="4.438" classname="CaptureScreenShot.FacebookScreenShot"/>
</testsuite> <!-- CaptureScreenShot.FacebookScreenShot -->
