<?xml version="1.0" encoding="UTF-8"?>
<!-- Generated by org.testng.reporters.JUnitReportReporter -->
<testsuite skipped="0" hostname="Alis-MBP" name="FB.LoginFb" tests="3" failures="0" timestamp="06 Jan 2019 16:52:56 GMT" time="46.068" errors="0">
  <testcase name="LoginToFacebook" time="17.670" classname="FB.LoginFb"/>
  <testcase name="LoginToFacebook" time="19.974" classname="FB.LoginFb"/>
  <testcase name="LoginToFacebook" time="8.424" classname="FB.LoginFb"/>
</testsuite> <!-- FB.LoginFb -->
