<?xml version="1.0" encoding="UTF-8"?>
<!-- Generated by org.testng.reporters.JUnitReportReporter -->
<testsuite skipped="0" hostname="Alis-MBP" name="DDT.FacebookLoginExcel" tests="14" failures="0" timestamp="06 Jan 2019 17:38:18 GMT" time="103.777" errors="0">
  <testcase name="LoginToFacebook" time="7.263" classname="DDT.FacebookLoginExcel"/>
  <testcase name="LoginToFacebook" time="7.121" classname="DDT.FacebookLoginExcel"/>
  <testcase name="LoginToFacebook" time="8.403" classname="DDT.FacebookLoginExcel"/>
  <testcase name="LoginToFacebook" time="7.766" classname="DDT.FacebookLoginExcel"/>
  <testcase name="LoginToFacebook" time="7.014" classname="DDT.FacebookLoginExcel"/>
  <testcase name="LoginToFacebook" time="6.937" classname="DDT.FacebookLoginExcel"/>
  <testcase name="LoginToFacebook" time="7.689" classname="DDT.FacebookLoginExcel"/>
  <testcase name="LoginToFacebook" time="8.520" classname="DDT.FacebookLoginExcel"/>
  <testcase name="LoginToFacebook" time="6.719" classname="DDT.FacebookLoginExcel"/>
  <testcase name="LoginToFacebook" time="6.782" classname="DDT.FacebookLoginExcel"/>
  <testcase name="LoginToFacebook" time="7.574" classname="DDT.FacebookLoginExcel"/>
  <testcase name="LoginToFacebook" time="7.187" classname="DDT.FacebookLoginExcel"/>
  <testcase name="LoginToFacebook" time="7.882" classname="DDT.FacebookLoginExcel"/>
  <testcase name="LoginToFacebook" time="6.920" classname="DDT.FacebookLoginExcel"/>
</testsuite> <!-- DDT.FacebookLoginExcel -->
